Arguments: 
  /Users/benjamin/.nvm/versions/node/v14.17.2/bin/node /Users/benjamin/.nvm/versions/node/v14.17.2/bin/yarn add -D clean-webpack-plugin mini-css-extract-plugin copy-webkack-plugin css-minimizer-webpack-plugin html-webpack-plugin

PATH: 
  /Users/benjamin/.nvm/versions/node/v14.17.2/bin:/Users/benjamin/miniforge3/bin:/Users/benjamin/go/bin:/Users/benjamin/.yarn/bin:/Users/benjamin/.config/yarn/global/node_modules/.bin:/Users/benjamin/.cargo/bin:/Applications/Julia-1.6.app/Contents/Resources/julia/bin:/opt/homebrew/bin:/usr/local/bin:/usr/bin:/bin:/usr/sbin:/sbin:/Users/benjamin/dev/flutter/bin:/Users/benjamin/.fig/bin

Yarn version: 
  1.22.10

Node version: 
  14.17.2

Platform: 
  darwin arm64

Trace: 
  Error: https://registry.yarnpkg.com/copy-webkack-plugin: Not found
      at Request.params.callback [as _callback] (/Users/benjamin/.nvm/versions/node/v14.17.2/lib/node_modules/yarn/lib/cli.js:66988:18)
      at Request.self.callback (/Users/benjamin/.nvm/versions/node/v14.17.2/lib/node_modules/yarn/lib/cli.js:140662:22)
      at Request.emit (events.js:375:28)
      at Request.<anonymous> (/Users/benjamin/.nvm/versions/node/v14.17.2/lib/node_modules/yarn/lib/cli.js:141634:10)
      at Request.emit (events.js:375:28)
      at IncomingMessage.<anonymous> (/Users/benjamin/.nvm/versions/node/v14.17.2/lib/node_modules/yarn/lib/cli.js:141556:12)
      at Object.onceWrapper (events.js:481:28)
      at IncomingMessage.emit (events.js:387:35)
      at endReadableNT (internal/streams/readable.js:1317:12)
      at processTicksAndRejections (internal/process/task_queues.js:82:21)

npm manifest: 
  {
    "name": "snekland",
    "version": "0.1.0",
    "main": "index.js",
    "repository": "https://github.com/bashbaugh/snekland.git",
    "author": "Benjamin Ashbaugh <hi@benjaminashbaugh.me>",
    "license": "UNLICENSED",
    "dependencies": {},
    "devDependencies": {}
  }

yarn manifest: 
  No manifest

Lockfile: 
  # THIS IS AN AUTOGENERATED FILE. DO NOT EDIT THIS FILE DIRECTLY.
  # yarn lockfile v1
